      epoch|      steps|    steps/s|     return| value loss
___________________________________________________________
          0        1000         103    -1538.25     0.12502
         10       11000          63    -1808.68     2.47233
         20       21000          64    -1507.67     4.76709
         30       31000          69    -1396.74     0.94973
         40       41000          86    -1574.84     3.32114
         50       51000          71    -1579.53     1.51878
         60       61000          58    -1572.04     2.56266
         70       71000          64    -1598.82     1.56108
         80       81000          73    -1268.00     1.73918
         90       91000          63    -1140.39    13.49194
        100      101000          66     -855.17     1.78829
        110      111000          62     -937.09     2.05158
        120      121000          64     -967.20     2.04081
        130      131000          73     -820.78     2.93438
        140      141000          80     -727.85     1.21154
        150      151000          63     -425.98     8.18750
        160      161000          79     -286.70     2.07298
        170      171000          62     -375.98     3.95257
        180      181000          61     -467.39     1.22761
        190      191000          59     -448.66     1.88039
        200      201000          68     -412.40     2.68089
        210      211000          67     -408.28     1.31064
        220      221000          72     -263.81     1.38558
        230      231000          80     -251.83     1.28114
        240      241000          62     -281.18     1.40447
        250      251000          65     -241.62     1.62443
        260      261000          58     -260.95     0.67855
        270      271000          65     -233.23     0.95583
        280      281000          84     -224.33     0.99039
        290      291000          61     -343.91     0.52426
        300      301000          66     -404.64     0.57418
        310      311000          80     -349.93     1.08652
        320      321000          71     -362.33     1.89171
        330      331000          62     -346.13     1.45291
        340      341000          62     -370.27     1.24411
        350      351000          76     -361.53     0.65559
        360      361000          78     -328.92     0.75296
        370      371000          71     -218.45     2.58792
        380      381000          65     -240.91     0.85033
        390      391000          73     -330.47     0.33668
        400      401000          71     -233.33     0.66247
        410      411000          64     -228.05     1.29567
        420      421000          72     -226.29     2.82839
        430      431000          64     -235.60     0.67968
        440      441000          40     -230.99     0.64183
        450      451000          63     -213.96     0.21903
        460      461000          62     -227.42     0.65606
        470      471000          71     -208.21     0.23129
        480      481000          58     -231.98     0.65666
        490      491000          61     -231.84     0.36242
        500      501000          59     -238.60     0.55683
        510      511000          69     -219.00     1.10687
        520      521000          63     -245.92     1.02441
        530      531000          70     -222.29     0.47474
        540      541000          81     -241.76     0.15316
        550      551000          66     -250.21     0.76405
        560      561000          62     -239.06     0.52950
        570      571000          78     -242.99     0.34531
        580      581000          61     -241.54     0.64775
        590      591000          77     -225.82     0.18092
        600      601000          63     -221.88     0.27926
        610      611000          67     -222.10     2.02201
        620      621000          62     -245.65     1.60117
        630      631000          68     -200.70     0.90348
        640      641000          78     -232.13     2.21187
        650      651000          71     -211.87     3.63503
        660      661000          72     -221.94     0.46507
        670      671000          63     -202.11     0.68853
        680      681000          73     -226.32     0.46028
        690      691000          68     -190.20     0.22482
        700      701000          68     -182.61     0.13760
        710      711000          66     -173.48     0.23711
        720      721000          55     -161.64     1.30765
        730      731000          54     -177.41     0.24702
        740      741000          57     -175.55     1.27900
        750      751000          55     -177.73     1.30388
        760      761000          53     -177.25     0.97872
        770      771000          53     -162.67     0.24275
        780      781000          54     -172.32     1.47498
        790      791000          52     -164.78     0.44404
        800      801000          53     -165.63     0.56798
        810      811000          58     -179.67     2.90418
        820      821000          55     -160.32     0.35694
        830      831000          53     -167.49     0.62614
        840      841000          54     -171.73     0.94473
        850      851000          52     -161.11     0.27112
        860      861000          61     -172.57     1.23574
        870      871000          49     -159.69     0.20630
        880      881000          46     -165.22     0.17814
        890      891000          57     -169.17     0.17466
        900      901000          57     -171.82     0.20194
        910      911000          54     -182.18     0.68865
        920      921000          52     -173.58     0.22099
        930      931000          54     -163.81     0.57062
        940      941000          55     -168.27     0.44587
        950      951000          54     -189.78     0.13934
        960      961000          55     -166.59     0.23538
        970      971000          54     -167.49     0.24757
        980      981000          57     -191.82     0.14198
        990      991000          47     -163.42     0.27911
       1000     1001000          53     -292.22     0.07712
       1010     1011000          55     -162.71     0.08722
       1020     1021000          51     -158.07     0.07053
       1030     1031000          53     -157.83     0.07341
       1040     1041000          47     -146.20     0.10150
       1050     1051000          52     -146.44     0.06800
       1060     1061000          60     -146.48     0.28297
       1070     1071000          50     -147.59     0.12706
       1080     1081000          50     -151.53     0.05280
       1090     1091000          55     -152.87     0.23901
       1100     1101000          54     -140.33     0.28481
       1110     1111000          52     -140.21     0.07273
       1120     1121000          57     -135.61     0.12064
       1130     1131000          54     -138.22     0.07259
       1140     1141000          51     -140.62     0.08342
       1150     1151000          41     -142.54     0.13095
       1160     1161000          58     -138.61     0.05801
       1170     1171000          57     -134.64     0.15991
       1180     1181000          37     -126.60     0.07545
       1190     1191000          39     -129.28     0.09193
       1200     1201000          60     -136.42     0.09490
       1210     1211000          62     -128.61     0.08312
       1220     1221000          57     -131.79     0.05311
       1230     1231000          68     -121.62     0.12716
       1240     1241000          63     -144.04     0.08901
       1250     1251000          70     -133.35     0.11121
       1260     1261000          66     -127.26     0.02326
       1270     1271000          63     -128.80     0.10244
       1280     1281000          64     -131.37     0.04562
       1290     1291000          59     -121.94     0.07037
       1300     1301000          58     -134.15     0.13016
       1310     1311000          23     -134.70     0.04615
       1320     1321000          63     -132.42     0.05000
       1330     1331000          71     -133.38     0.03717
       1340     1341000          68     -127.08     0.04075
       1350     1351000          78     -136.57     0.07558
       1360     1361000          62     -138.25     0.05349
       1370     1371000          50     -140.65     0.07480
       1380     1381000          58     -133.75     0.02326
       1390     1391000          56     -128.60     0.04158
       1400     1401000          72     -130.76     0.12228
       1410     1411000          22     -128.38     0.04742
       1420     1421000          55     -130.99     0.04406
       1430     1431000          79     -137.62     0.03584
       1440     1441000          56     -126.71     0.05749
       1450     1451000          56     -123.56     0.02889
       1460     1461000          68     -124.67     0.02850
       1470     1471000          62     -130.34     0.03277
       1480     1481000          62     -129.91     0.05306
       1490     1491000          59     -123.51     0.07891
       1500     1501000          52     -130.19     0.04291
       1510     1511000          61     -125.15     0.06983
       1520     1521000          64     -126.78     0.02306
       1530     1531000          65     -129.42     0.06774
       1540     1541000          58     -133.73     0.09259
       1550     1551000          72     -547.29     0.04540
       1560     1561000          60     -129.72     0.05695
       1570     1571000          66     -129.66     0.03494
       1580     1581000          62     -129.09     0.02757
       1590     1591000          64     -133.83     0.05431
       1600     1601000          62     -128.55     0.07726
       1610     1611000          62     -125.54     0.05280
       1620     1621000          59     -124.09     0.06815
       1630     1631000          64     -123.94     0.03823
       1640     1641000          69     -122.34     0.20514
       1650     1651000          40     -124.91     0.05914
       1660     1661000          65     -132.17     0.04316
       1670     1671000          58     -135.71     0.02710
       1680     1681000          41     -132.63     0.04182
       1690     1691000          62     -127.99     0.06861
       1700     1701000          65     -138.06     0.04525
       1710     1711000          71     -140.46     0.02460
       1720     1721000          63     -132.82     0.06112
       1730     1731000          72     -150.92     0.13198
       1740     1741000          80     -128.66     0.03960
       1750     1751000          71     -166.47     0.02910
       1760     1761000          63     -227.81     0.11715
       1770     1771000          65     -129.20     0.07036
       1780     1781000          61     -133.09     0.08183
       1790     1791000          66     -127.27     0.02291
       1800     1801000          70     -126.75     0.03769
       1810     1811000          73     -123.39     0.03930
       1820     1821000          79     -134.61     0.07351
       1830     1831000          86     -129.90     0.04982
       1840     1841000          61     -133.74     0.03021
       1850     1851000          62     -131.71     0.02502
       1860     1861000          87     -126.68     0.07583
       1870     1871000          87     -134.22     0.03529
       1880     1881000          77     -143.40     0.04278
       1890     1891000          61     -138.96     0.01477
       1900     1901000          68     -132.71     0.01729
       1910     1911000          65     -143.14     0.04643
       1920     1921000          74     -137.85     0.01925
       1930     1931000          65     -132.69     0.05593
       1940     1941000          74     -143.58     0.11752
       1950     1951000          65     -147.24     0.01461
       1960     1961000          64     -117.34     0.05828
       1970     1971000          62     -132.47     0.01202
       1980     1981000          68     -123.64     0.03128
       1990     1991000          61     -125.76     0.09281
       2000     2001000          68     -131.80     0.01411
       2010     2011000          65     -122.65     0.00963
       2020     2021000          71     -140.26     0.04010
       2030     2031000          63     -133.83     0.02759
       2040     2041000          68     -127.18     0.03818
       2050     2051000          76     -122.63     0.03244
       2060     2061000          71     -132.25     0.03141
       2070     2071000          66     -133.01     0.02432
       2080     2081000          65     -124.10     0.01827
       2090     2091000          61     -137.03     0.01797
       2100     2101000          62     -131.50     0.08382
       2110     2111000          61     -135.08     0.02350
       2120     2121000          63     -125.16     0.00915
       2130     2131000          67     -125.19     0.02475
       2140     2141000          65     -129.31     0.09677
       2150     2151000          62     -147.26     0.01388
       2160     2161000          63     -124.82     0.04949
       2170     2171000          73     -131.35     0.06482
       2180     2181000          63     -132.75     0.05281
       2190     2191000          68     -124.08     0.02274
       2200     2201000          64     -128.17     0.08345
       2210     2211000          69     -124.79     0.01954
       2220     2221000          60     -125.44     0.03225
       2230     2231000          62     -126.71     0.02316
       2240     2241000          73     -125.09     0.04435
       2250     2251000          64     -127.98     0.01095
       2260     2261000          68     -129.89     0.01688
       2270     2271000          60     -125.57     0.02004
       2280     2281000          61     -127.21     0.03000
       2290     2291000          65     -122.64     0.02091
       2300     2301000          65     -121.42     0.01661
       2310     2311000          69     -121.14     0.03157
       2320     2321000          59     -121.89     0.04841
       2330     2331000          70     -127.44     0.04046
       2340     2341000          68     -122.27     0.05092
       2350     2351000          75     -127.99     0.01076
       2360     2361000          65     -121.08     0.02645
       2370     2371000          71     -125.21     0.01452
       2380     2381000          67     -126.18     0.02823
       2390     2391000          62     -119.74     0.01644
       2400     2401000          65     -118.60     0.02055
       2410     2411000          70     -121.27     0.02271
       2420     2421000          63     -128.96     0.03753
       2430     2431000          65     -116.71     0.01174
       2440     2441000          69     -121.22     0.01582
       2450     2451000          61     -117.59     0.03714
       2460     2461000          67     -131.23     0.01185
       2470     2471000          60     -122.52     0.05305
       2480     2481000          60     -122.00     0.01966
       2490     2491000          60     -119.32     0.00915
       2500     2501000          66     -123.17     0.01296
       2510     2511000          67     -124.44     0.03031
       2520     2521000          64     -121.74     0.02316
       2530     2531000          60     -119.14     0.01245
       2540     2541000          69     -120.64     0.02930
       2550     2551000          68     -117.59     0.02309
       2560     2561000          69     -123.10     0.02217
       2570     2571000          84     -118.83     0.01545
       2580     2581000          69     -118.58     0.09928
       2590     2591000          61     -123.43     0.02603
       2600     2601000          73     -150.98     0.01536
       2610     2611000          68     -124.13     0.07427
       2620     2621000          68     -121.69     0.02452
       2630     2631000          75     -124.77     0.01672
       2640     2641000          72     -118.79     0.02237
       2650     2651000          62     -121.06     0.01093
       2660     2661000          60     -124.26     0.02301
       2670     2671000          60     -140.74     0.04929
       2680     2681000          78     -124.20     0.00858
       2690     2691000          61     -145.51     0.00799
       2700     2701000          65     -122.37     0.02611
       2710     2711000          64     -117.98     0.01070
       2720     2721000          61     -125.12     0.01991
       2730     2731000          64     -138.90     0.04047
       2740     2741000          62     -122.16     0.01882
       2750     2751000          63     -126.53     0.01798
       2760     2761000          61     -138.40     0.03510
       2770     2771000          71     -149.31     0.01116
       2780     2781000          64     -120.46     0.03165
       2790     2791000          61     -129.58     0.01498
       2800     2801000          62     -133.18     0.01224
       2810     2811000          78     -128.07     0.05118
       2820     2821000          67     -126.68     0.01917
       2830     2831000          76     -120.29     0.02833
       2840     2841000          60     -128.02     0.02810
       2850     2851000          60     -127.51     0.08621
       2860     2861000          61     -131.37     0.09690
       2870     2871000          66     -137.10     0.01760
       2880     2881000          77     -142.67     0.01436
       2890     2891000          70     -140.54     0.01809
       2900     2901000          63     -138.31     0.01345
       2910     2911000          70     -126.67     0.03549
       2920     2921000          60     -137.66     0.01215
       2930     2931000          81     -135.77     0.02171
       2940     2941000          60     -126.12     0.03648
       2950     2951000          62     -126.70     0.09158
       2960     2961000          66     -128.69     0.02140
       2970     2971000          66     -127.09     0.02167
       2980     2981000          76     -128.13     0.01398
       2990     2991000          62     -133.95     0.02429
       3000     3001000          72     -124.59     0.02140
       3010     3011000          67     -124.44     0.01874
       3020     3021000          60     -123.78     0.02588
       3030     3031000          71     -130.24     0.03745
       3040     3041000          61     -124.91     0.01794
       3050     3051000          60     -129.53     0.02345
       3060     3061000          76     -129.29     0.01675
       3070     3071000          54     -127.52     0.01415
       3080     3081000          65     -124.88     0.03751
       3090     3091000          61     -135.58     0.03676
       3100     3101000          67     -164.10     0.00783
       3110     3111000          71     -141.46     0.02002
       3120     3121000          84     -159.55     0.02433
       3130     3131000          67     -168.23     0.01856
       3140     3141000          61     -168.58     0.01937
       3150     3151000          77     -132.64     0.01618
       3160     3161000          69     -135.40     0.01851
       3170     3171000          72     -124.11     0.00862
       3180     3181000          61     -138.25     0.02766
       3190     3191000          60     -129.81     0.01468
       3200     3201000          63     -128.03     0.01023
       3210     3211000          67     -123.38     0.01772
       3220     3221000          71     -126.07     0.02557
       3230     3231000          76     -132.43     0.04451
       3240     3241000          61     -126.73     0.02842
       3250     3251000          61     -126.13     0.05519
       3260     3261000          62     -128.35     0.02743
       3270     3271000          62     -124.76     0.02283
       3280     3281000          71     -126.76     0.01318
       3290     3291000          68     -126.32     0.01710
       3300     3301000          61     -126.30     0.01411
       3310     3311000          75     -121.37     0.01517
       3320     3321000          63     -121.69     0.01431
       3330     3331000          66     -123.43     0.03110
       3340     3341000          61     -134.39     0.04197
       3350     3351000          67     -131.38     0.03599
       3360     3361000          65     -119.56     0.01411
       3370     3371000          75     -175.82     0.01522
       3380     3381000          90     -127.09     0.01825
       3390     3391000          86     -121.99     0.01176
       3400     3401000          67     -133.58     0.01576
       3410     3411000          60     -122.76     0.08154
       3420     3421000          72     -134.20     0.01937
       3430     3431000          61     -119.53     0.01559
       3440     3441000          66     -281.06     0.01280
       3450     3451000          67     -130.68     0.01608
       3460     3461000          67     -130.04     0.00673
       3470     3471000          81     -284.58     0.01553
       3480     3481000          68     -123.88     0.01520
       3490     3491000          68     -124.22     0.01827
       3500     3501000          66     -126.73     0.01908
       3510     3511000          68     -137.94     0.01092
       3520     3521000          61     -126.18     0.02153
       3530     3531000          68     -126.83     0.02614
       3540     3541000          60     -127.81     0.01605
       3550     3551000          79     -140.39     0.02314
       3560     3561000          56     -124.17     0.00982
       3570     3571000          73     -132.87     0.03268
       3580     3581000          61     -132.12     0.01483
       3590     3591000          64     -126.31     0.03564
       3600     3601000          78     -137.02     0.01237
       3610     3611000          60     -132.13     0.04129
       3620     3621000          68     -132.63     0.01525
       3630     3631000          62     -125.16     0.00998
       3640     3641000          74     -135.41     0.01985
       3650     3651000          65     -123.04     0.02952
       3660     3661000          66     -128.11     0.00887
       3670     3671000          61     -128.73     0.03017
       3680     3681000          61     -137.84     0.01621
       3690     3691000          63     -126.46     0.01479
       3700     3701000          73     -124.84     0.01376
       3710     3711000          71     -130.07     0.00738
       3720     3721000          79     -133.71     0.03853
       3730     3731000          64     -129.39     0.01633
       3740     3741000          65     -125.08     0.00927
       3750     3751000          65     -131.37     0.02192
       3760     3761000          75     -125.76     0.00644
       3770     3771000          60     -127.99     0.01652
       3780     3781000          68     -123.45     0.02468
       3790     3791000          79     -130.13     0.02331
       3800     3801000          63     -131.24     0.03970
       3810     3811000          69     -124.00     0.01545
       3820     3821000          67     -127.74     0.03036
       3830     3831000          59     -124.76     0.01872
       3840     3841000          65     -126.40     0.01564
       3850     3851000          66     -128.05     0.01437
       3860     3861000          79     -139.15     0.03419
       3870     3871000          73     -133.64     0.02916
       3880     3881000          73     -141.76     0.02564
       3890     3891000          61     -129.61     0.06952
       3900     3901000          67     -132.81     0.01170
       3910     3911000          82     -123.38     0.00891
       3920     3921000          73     -127.03     0.02197
       3930     3931000          70     -130.43     0.03972
       3940     3941000          62     -128.63     0.02093
       3950     3951000          63     -124.11     0.01680
       3960     3961000          67     -123.04     0.01152
       3970     3971000          90     -126.78     0.01246
       3980     3981000          64     -123.95     0.01399
       3990     3991000          65     -123.65     0.01269
       4000     4001000          73     -120.48     0.03050
       4010     4011000          73     -120.56     0.01194
       4020     4021000          72     -124.90     0.01098
       4030     4031000          67     -128.13     0.02119
       4040     4041000          66     -131.44     0.03428
       4050     4051000          62     -134.58     0.02644
       4060     4061000          64     -134.76     0.00990
       4070     4071000          67     -129.58     0.00885
       4080     4081000          61     -121.94     0.01166
       4090     4091000          90     -120.28     0.00759
       4100     4101000          60     -124.19     0.03947
       4110     4111000          63     -133.11     0.01762
       4120     4121000          63     -129.75     0.02232
       4130     4131000          72     -127.48     0.01667
       4140     4141000          62     -127.87     0.01813
       4150     4151000          63     -120.13     0.02099
       4160     4161000          78     -133.72     0.00631
       4170     4171000          62     -163.93     0.01037
       4180     4181000          66     -135.09     0.02616
       4190     4191000          60     -125.94     0.02412
       4200     4201000          72     -122.62     0.01553
       4210     4211000          60     -133.93     0.01537
       4220     4221000          60     -129.51     0.00968
       4230     4231000          63     -127.85     0.04859
       4240     4241000          61     -129.79     0.02573
       4250     4251000          60     -134.95     0.00902
       4260     4261000          67     -122.14     0.00985
       4270     4271000          66     -128.43     0.03754
       4280     4281000          64     -283.49     0.00793
       4290     4291000          63     -131.64     0.02623
       4300     4301000          61     -127.58     0.01425
       4310     4311000          73     -133.97     0.03690
       4320     4321000          64     -134.49     0.04607
       4330     4331000          65     -126.07     0.06936
       4340     4341000          78     -130.41     0.01503
       4350     4351000          82     -173.37     0.00842
       4360     4361000          76     -125.02     0.03006
       4370     4371000          69     -131.22     0.03623
       4380     4381000          73     -130.03     0.01434
       4390     4391000          70     -130.60     0.01135
       4400     4401000          64     -127.32     0.00966
       4410     4411000          75     -125.13     0.01621
       4420     4421000          71     -137.58     0.02054
       4430     4431000          68     -132.10     0.01824
       4440     4441000          63     -129.01     0.01276
       4450     4451000          62     -128.55     0.06317
       4460     4461000          68     -125.35     0.01558
       4470     4471000          61     -121.80     0.02226
       4480     4481000          69     -123.65     0.01970
       4490     4491000          84     -121.03     0.00929
       4500     4501000          54     -128.49     0.00815
       4510     4511000          64     -127.61     0.01499
       4520     4521000          62     -123.64     0.03423
       4530     4531000          61     -124.55     0.02784
       4540     4541000          71     -126.08     0.05624
       4550     4551000          69     -131.58     0.03044
       4560     4561000          62     -130.41     0.03072
       4570     4571000          72     -126.00     0.01106
       4580     4581000          93     -131.00     0.02915
       4590     4591000          61     -124.31     0.01896
       4600     4601000          60     -129.35     0.02126
       4610     4611000          64     -126.97     0.01153
       4620     4621000          65     -131.12     0.01659
       4630     4631000          68     -126.44     0.01795
       4640     4641000          68     -125.35     0.03683
       4650     4651000          61     -132.18     0.08454
       4660     4661000          61     -131.05     0.00737
       4670     4671000          61     -137.00     0.00975
       4680     4681000          64     -128.16     0.03020
       4690     4691000          66     -138.95     0.02354
       4700     4701000          63     -131.27     0.00864
       4710     4711000          70     -143.13     0.03941
       4720     4721000          71     -132.18     0.01276
       4730     4731000          62     -126.63     0.01259
       4740     4741000          67     -123.48     0.01921
       4750     4751000          61     -128.26     0.00974
       4760     4761000          82     -134.12     0.02010
       4770     4771000          77     -130.06     0.00998
       4780     4781000          65     -127.07     0.01760
       4790     4791000          63     -123.63     0.01096
       4800     4801000          68     -186.10     0.01424
       4810     4811000          71     -131.58     0.04326
       4820     4821000          76     -127.59     0.01194
       4830     4831000          67     -146.63     0.01022
       4840     4841000          81     -125.84     0.02839
       4850     4851000          67     -129.55     0.02149
       4860     4861000          66     -132.00     0.03737
       4870     4871000          70     -125.59     0.01239
       4880     4881000          87     -127.27     0.00972
       4890     4891000          61     -131.30     0.01954
       4900     4901000          62     -126.72     0.03445
       4910     4911000          71     -127.82     0.04161
       4920     4921000          68     -125.63     0.01195
       4930     4931000          62     -132.84     0.01764
       4940     4941000          63     -136.60     0.01462
       4950     4951000          76     -131.86     0.01084
       4960     4961000          64     -123.11     0.00665
       4970     4971000          63     -131.00     0.01008
       4980     4981000          69     -153.71     0.03979
       4990     4991000          69     -124.79     0.00935
       5000     5001000          65     -142.23     0.02115
       5010     5011000          73     -126.86     0.02390
       5020     5021000          75     -126.23     0.02368
       5030     5031000          64     -136.32     0.01801
       5040     5041000          67     -123.64     0.00928
       5050     5051000          67     -140.91     0.02874
       5060     5061000          65     -135.74     0.05652
       5070     5071000          63     -139.05     0.04815
       5080     5081000          64     -120.38     0.04947
       5090     5091000          70     -121.61     0.00737
       5100     5101000          59     -122.50     0.01975
       5110     5111000          70     -122.61     0.01232
       5120     5121000          71     -124.04     0.01457
       5130     5131000          66     -125.90     0.03614
       5140     5141000          73     -129.78     0.02335
       5150     5151000          71     -126.11     0.00701
       5160     5161000          61     -132.89     0.01384
       5170     5171000          66     -131.01     0.00704
       5180     5181000          72     -132.83     0.02613
       5190     5191000          72     -126.29     0.01070
       5200     5201000          64     -129.48     0.02857
       5210     5211000          62     -126.67     0.01897
       5220     5221000          71     -121.74     0.01020
       5230     5231000          68     -130.51     0.01156
       5240     5241000          78     -126.03     0.02510
       5250     5251000          62     -118.61     0.01090
       5260     5261000          69     -124.65     0.01582
       5270     5271000          62     -118.86     0.01191
       5280     5281000          64     -127.64     0.00971
       5290     5291000          64     -132.53     0.00954
       5300     5301000          67     -130.08     0.00808
       5310     5311000          66     -129.07     0.00938
       5320     5321000          61     -127.15     0.07645
       5330     5331000          63     -126.13     0.01416
       5340     5341000          72     -126.84     0.01294
       5350     5351000          91     -130.94     0.01541
       5360     5361000          72     -132.15     0.01257
       5370     5371000          67     -125.80     0.00543
       5380     5381000          81     -120.33     0.01113
       5390     5391000          66     -124.15     0.02645
       5400     5401000          63     -130.94     0.01412
       5410     5411000          74     -131.54     0.01569
       5420     5421000          60     -129.30     0.01478
       5430     5431000          61     -121.07     0.00986
       5440     5441000          63     -124.94     0.01019
       5450     5451000          76     -127.31     0.02846
       5460     5461000          63     -124.65     0.00506
       5470     5471000          78     -128.06     0.01110
       5480     5481000          57     -128.91     0.03063
       5490     5491000          78     -129.25     0.01943
       5500     5501000          63     -121.56     0.04243
       5510     5511000          63     -131.42     0.02415
       5520     5521000          79     -129.26     0.01735
       5530     5531000          69     -121.61     0.02313
       5540     5541000          63     -142.36     0.02254
       5550     5551000          65     -129.68     0.02334
       5560     5561000          71     -125.33     0.02474
       5570     5571000          70     -128.85     0.01147
       5580     5581000          62     -122.80     0.00927
       5590     5591000          80     -125.59     0.01263
       5600     5601000          64     -133.97     0.01878
       5610     5611000          68     -122.53     0.01185
       5620     5621000          60     -127.93     0.02489
       5630     5631000          60     -121.79     0.00772
       5640     5641000          61     -127.82     0.01415
       5650     5651000          61     -121.72     0.02061
       5660     5661000          65     -133.08     0.01145
       5670     5671000          59     -117.43     0.02111
       5680     5681000          66     -123.61     0.01132
       5690     5691000          83     -122.36     0.04835
       5700     5701000          60     -127.41     0.03099
       5710     5711000          78     -126.92     0.00709
       5720     5721000          62     -126.35     0.01718
       5730     5731000          61     -127.44     0.01560
       5740     5741000          68     -124.54     0.00806
